INFO:main.py:lunching of the Application \U0001f600 
INFO:main.py:lunching of the Application 
DEBUG:main.py:the music has been plotted successfully 
INFO:main.py:the file has been opened successfully
DEBUG:main.py:slider no 0 has been moved
DEBUG:main.py:slider no 0 has been moved
DEBUG:main.py:slider no 1 has been moved
INFO:main.py:lunching of the Application 
INFO:main.py:lunching of the Application 
DEBUG:main.py:the music has been plotted successfully 
INFO:main.py:the file has been opened successfully
DEBUG:main.py:slider no 0 has been moved
INFO:main.py:lunching of the Application 
DEBUG:main.py:the music has been plotted successfully 
INFO:main.py:the file has been opened successfully
INFO:main.py:lunching of the Application 
WARNING:main.py:please select any string to play!! \U0001f642
INFO:main.py:lunching of the Application 
DEBUG:main.py:the music has been plotted successfully 
INFO:main.py:the file has been opened successfully
DEBUG:main.py:slider no 0 has been moved
DEBUG:main.py:slider no 0 has been moved
DEBUG:main.py:slider no 0 has been moved
DEBUG:main.py:slider no 0 has been moved
INFO:main.py:lunching of the Application 
DEBUG:main.py:the music has been plotted successfully 
INFO:main.py:the file has been opened successfully
DEBUG:main.py:slider no 1 has been moved
DEBUG:main.py:slider no 0 has been moved
DEBUG:main.py:slider no 2 has been moved
INFO:main.py:lunching of the Application 
DEBUG:main.py:the music has been plotted successfully 
INFO:main.py:the file has been opened successfully
DEBUG:main.py:slider no 0 has been moved
DEBUG:main.py:slider no 1 has been moved
DEBUG:main.py:slider no 1 has been moved
DEBUG:main.py:slider no 0 has been moved
DEBUG:main.py:slider no 2 has been moved
DEBUG:main.py:slider no 1 has been moved
DEBUG:main.py:slider no 0 has been moved
INFO:main.py:lunching of the Application 
DEBUG:main.py:the music has been plotted successfully 
INFO:main.py:the file has been opened successfully
DEBUG:main.py:slider no 1 has been moved
DEBUG:main.py:slider no 0 has been moved
DEBUG:main.py:slider no 2 has been moved
DEBUG:main.py:slider no 3 has been moved
DEBUG:main.py:slider no 4 has been moved
DEBUG:main.py:slider no 5 has been moved
DEBUG:main.py:slider no 6 has been moved
DEBUG:main.py:slider no 7 has been moved
DEBUG:main.py:slider no 8 has been moved
DEBUG:main.py:slider no 9 has been moved
INFO:main.py:lunching of the Application 
DEBUG:main.py:the music has been plotted successfully 
INFO:main.py:the file has been opened successfully
DEBUG:main.py:slider no 1 has been moved
INFO:main.py:lunching of the Application 
INFO:main.py:lunching of the Application 
DEBUG:main.py:the music has been plotted successfully 
INFO:main.py:the file has been opened successfully
DEBUG:main.py:slider no 2 has been moved
INFO:main.py:lunching of the Application 
DEBUG:main.py:the music has been plotted successfully 
INFO:main.py:the file has been opened successfully
DEBUG:main.py:slider no 2 has been moved
DEBUG:main.py:slider no 1 has been moved
INFO:main.py:lunching of the Application 
DEBUG:main.py:the music has been plotted successfully 
INFO:main.py:the file has been opened successfully
DEBUG:main.py:slider no 1 has been moved
INFO:main.py:lunching of the Application 
DEBUG:main.py:the music has been plotted successfully 
INFO:main.py:the file has been opened successfully
DEBUG:main.py:slider no 1 has been moved
INFO:main.py:lunching of the Application 
DEBUG:main.py:the music has been plotted successfully 
INFO:main.py:the file has been opened successfully
INFO:main.py:lunching of the Application 
DEBUG:main.py:the music has been plotted successfully 
INFO:main.py:the file has been opened successfully
INFO:main.py:lunching of the Application 
DEBUG:main.py:the music has been plotted successfully 
INFO:main.py:the file has been opened successfully
DEBUG:main.py:slider no 2 has been moved
DEBUG:main.py:slider no 1 has been moved
DEBUG:main.py:slider no 0 has been moved
INFO:main.py:lunching of the Application 
DEBUG:main.py:the music has been plotted successfully 
INFO:main.py:the file has been opened successfully
DEBUG:main.py:slider no 2 has been moved
DEBUG:main.py:slider no 2 has been moved
DEBUG:main.py:slider no 1 has been moved
INFO:main.py:lunching of the Application 
DEBUG:main.py:the music has been plotted successfully 
INFO:main.py:the file has been opened successfully
INFO:main.py:lunching of the Application 
DEBUG:main.py:the music has been plotted successfully 
INFO:main.py:the file has been opened successfully
INFO:main.py:lunching of the Application 
DEBUG:main.py:the music has been plotted successfully 
INFO:main.py:the file has been opened successfully
INFO:main.py:lunching of the Application 
DEBUG:main.py:the music has been plotted successfully 
INFO:main.py:the file has been opened successfully
DEBUG:main.py:slider no 2 has been moved
DEBUG:main.py:slider no 1 has been moved
INFO:main.py:lunching of the Application 
DEBUG:main.py:the music has been plotted successfully 
INFO:main.py:the file has been opened successfully
DEBUG:main.py:slider no 2 has been moved
DEBUG:main.py:slider no 1 has been moved
INFO:main.py:lunching of the Application 
INFO:main.py:lunching of the Application 
INFO:main.py:lunching of the Application 
INFO:main.py:lunching of the Application 
INFO:main.py:lunching of the Application 
INFO:main.py:lunching of the Application 
INFO:main.py:lunching of the Application 
INFO:main.py:lunching of the Application 
INFO:main.py:lunching of the Application 
INFO:main.py:lunching of the Application 
INFO:main.py:lunching of the Application 
INFO:main.py:lunching of the Application 
INFO:main.py:lunching of the Application 
INFO:main.py:lunching of the Application 
INFO:main.py:lunching of the Application 
INFO:main.py:lunching of the Application 
INFO:main.py:lunching of the Application 
INFO:main.py:lunching of the Application 
INFO:main.py:lunching of the Application 
INFO:main.py:lunching of the Application 
INFO:main.py:lunching of the Application 
INFO:main.py:lunching of the Application 
INFO:main.py:lunching of the Application 
INFO:main.py:lunching of the Application 
INFO:main.py:lunching of the Application 
INFO:main.py:lunching of the Application 
WARNING:main.py:please choose file before pressing play!! \U0001f611
INFO:main.py:lunching of the Application 
INFO:main.py:lunching of the Application 
INFO:main.py:lunching of the Application 
DEBUG:main.py:the music has been plotted successfully 
INFO:main.py:the file has been opened successfully
INFO:main.py:lunching of the Application 
DEBUG:main.py:the music has been plotted successfully 
INFO:main.py:the file has been opened successfully
INFO:main.py:lunching of the Application 
INFO:main.py:lunching of the Application 
DEBUG:main.py:the music has been plotted successfully 
INFO:main.py:the file has been opened successfully
INFO:main.py:lunching of the Application 
DEBUG:main.py:the music has been plotted successfully 
INFO:main.py:the file has been opened successfully
INFO:main.py:lunching of the Application 
DEBUG:main.py:the music has been plotted successfully 
INFO:main.py:the file has been opened successfully
INFO:main.py:lunching of the Application 
DEBUG:main.py:the music has been plotted successfully 
INFO:main.py:the file has been opened successfully
INFO:main.py:lunching of the Application 
DEBUG:main.py:the music has been plotted successfully 
INFO:main.py:the file has been opened successfully
INFO:main.py:lunching of the Application 
DEBUG:main.py:the music has been plotted successfully 
INFO:main.py:the file has been opened successfully
INFO:main.py:lunching of the Application 
DEBUG:main.py:the music has been plotted successfully 
INFO:main.py:the file has been opened successfully
INFO:main.py:lunching of the Application 
DEBUG:main.py:the music has been plotted successfully 
INFO:main.py:the file has been opened successfully
INFO:main.py:lunching of the Application 
DEBUG:main.py:the music has been plotted successfully 
INFO:main.py:the file has been opened successfully
INFO:main.py:lunching of the Application 
DEBUG:main.py:the music has been plotted successfully 
INFO:main.py:the file has been opened successfully
INFO:main.py:lunching of the Application 
DEBUG:main.py:the music has been plotted successfully 
INFO:main.py:the file has been opened successfully
INFO:main.py:lunching of the Application 
DEBUG:main.py:the music has been plotted successfully 
INFO:main.py:the file has been opened successfully
DEBUG:main.py:volume has changed to  63
DEBUG:main.py:volume has changed to  64
DEBUG:main.py:volume has changed to  65
DEBUG:main.py:volume has changed to  67
DEBUG:main.py:volume has changed to  81
DEBUG:main.py:volume has changed to  95
DEBUG:main.py:volume has changed to  96
DEBUG:main.py:volume has changed to  97
DEBUG:main.py:volume has changed to  71
DEBUG:main.py:volume has changed to  69
DEBUG:main.py:volume has changed to  50
DEBUG:main.py:volume has changed to  47
DEBUG:main.py:volume has changed to  26
DEBUG:main.py:volume has changed to  24
DEBUG:main.py:volume has changed to  22
DEBUG:main.py:volume has changed to  1
DEBUG:main.py:volume has changed to  0
DEBUG:main.py:volume has changed to  5
DEBUG:main.py:volume has changed to  37
DEBUG:main.py:volume has changed to  45
DEBUG:main.py:volume has changed to  49
INFO:main.py:lunching of the Application 
DEBUG:main.py:the music has been plotted successfully 
INFO:main.py:the file has been opened successfully
INFO:main.py:lunching of the Application 
DEBUG:main.py:the music has been plotted successfully 
INFO:main.py:the file has been opened successfully
INFO:main.py:lunching of the Application 
INFO:main.py:lunching of the Application 
DEBUG:main.py:the music has been plotted successfully 
INFO:main.py:the file has been opened successfully
INFO:main.py:lunching of the Application 
DEBUG:main.py:the music has been plotted successfully 
INFO:main.py:the file has been opened successfully
INFO:main.py:lunching of the Application 
DEBUG:main.py:the music has been plotted successfully 
INFO:main.py:the file has been opened successfully
INFO:main.py:lunching of the Application 
DEBUG:main.py:the music has been plotted successfully 
INFO:main.py:the file has been opened successfully
INFO:main.py:lunching of the Application 
INFO:main.py:lunching of the Application 
DEBUG:main.py:the music has been plotted successfully 
INFO:main.py:the file has been opened successfully
INFO:main.py:lunching of the Application 
DEBUG:main.py:the music has been plotted successfully 
INFO:main.py:the file has been opened successfully
INFO:main.py:lunching of the Application 
DEBUG:main.py:the music has been plotted successfully 
INFO:main.py:the file has been opened successfully
INFO:main.py:lunching of the Application 
DEBUG:main.py:the music has been plotted successfully 
INFO:main.py:the file has been opened successfully
INFO:main.py:lunching of the Application 
DEBUG:main.py:the music has been plotted successfully 
INFO:main.py:the file has been opened successfully
INFO:main.py:lunching of the Application 
DEBUG:main.py:the music has been plotted successfully 
INFO:main.py:the file has been opened successfully
INFO:main.py:lunching of the Application 
DEBUG:main.py:the music has been plotted successfully 
INFO:main.py:the file has been opened successfully
DEBUG:main.py:volume has changed to  51
DEBUG:main.py:volume has changed to  52
DEBUG:main.py:volume has changed to  53
DEBUG:main.py:volume has changed to  54
DEBUG:main.py:volume has changed to  55
DEBUG:main.py:volume has changed to  56
DEBUG:main.py:volume has changed to  44
DEBUG:main.py:volume has changed to  40
DEBUG:main.py:volume has changed to  37
DEBUG:main.py:volume has changed to  36
DEBUG:main.py:volume has changed to  35
DEBUG:main.py:volume has changed to  34
DEBUG:main.py:volume has changed to  33
DEBUG:main.py:volume has changed to  35
DEBUG:main.py:volume has changed to  39
DEBUG:main.py:volume has changed to  46
DEBUG:main.py:volume has changed to  52
DEBUG:main.py:volume has changed to  56
DEBUG:main.py:volume has changed to  60
DEBUG:main.py:volume has changed to  62
DEBUG:main.py:volume has changed to  64
DEBUG:main.py:volume has changed to  65
DEBUG:main.py:volume has changed to  66
DEBUG:main.py:volume has changed to  65
DEBUG:main.py:volume has changed to  64
DEBUG:main.py:volume has changed to  63
DEBUG:main.py:volume has changed to  62
DEBUG:main.py:volume has changed to  61
DEBUG:main.py:volume has changed to  60
INFO:main.py:lunching of the Application 
DEBUG:main.py:the music has been plotted successfully 
INFO:main.py:the file has been opened successfully
INFO:main.py:lunching of the Application 
DEBUG:main.py:the music has been plotted successfully 
INFO:main.py:the file has been opened successfully
INFO:main.py:lunching of the Application 
DEBUG:main.py:the music has been plotted successfully 
INFO:main.py:the file has been opened successfully
INFO:main.py:lunching of the Application 
DEBUG:main.py:the music has been plotted successfully 
INFO:main.py:the file has been opened successfully
DEBUG:main.py:volume has changed to  53
DEBUG:main.py:volume has changed to  58
DEBUG:main.py:volume has changed to  75
DEBUG:main.py:volume has changed to  76
DEBUG:main.py:volume has changed to  81
DEBUG:main.py:volume has changed to  84
DEBUG:main.py:volume has changed to  86
DEBUG:main.py:volume has changed to  87
DEBUG:main.py:volume has changed to  89
DEBUG:main.py:volume has changed to  90
DEBUG:main.py:volume has changed to  91
DEBUG:main.py:volume has changed to  93
DEBUG:main.py:volume has changed to  96
DEBUG:main.py:volume has changed to  97
DEBUG:main.py:volume has changed to  98
DEBUG:main.py:volume has changed to  96
DEBUG:main.py:volume has changed to  94
DEBUG:main.py:volume has changed to  93
DEBUG:main.py:volume has changed to  92
DEBUG:main.py:volume has changed to  91
DEBUG:main.py:volume has changed to  81
DEBUG:main.py:volume has changed to  77
DEBUG:main.py:volume has changed to  72
DEBUG:main.py:volume has changed to  66
DEBUG:main.py:volume has changed to  61
DEBUG:main.py:volume has changed to  39
DEBUG:main.py:volume has changed to  34
DEBUG:main.py:volume has changed to  30
DEBUG:main.py:volume has changed to  26
DEBUG:main.py:volume has changed to  23
DEBUG:main.py:volume has changed to  20
DEBUG:main.py:volume has changed to  18
DEBUG:main.py:volume has changed to  17
DEBUG:main.py:volume has changed to  20
DEBUG:main.py:volume has changed to  23
DEBUG:main.py:volume has changed to  26
DEBUG:main.py:volume has changed to  29
DEBUG:main.py:volume has changed to  31
DEBUG:main.py:volume has changed to  32
DEBUG:main.py:volume has changed to  34
DEBUG:main.py:volume has changed to  37
DEBUG:main.py:volume has changed to  38
DEBUG:main.py:volume has changed to  39
DEBUG:main.py:volume has changed to  41
DEBUG:main.py:volume has changed to  42
DEBUG:main.py:volume has changed to  43
DEBUG:main.py:volume has changed to  45
DEBUG:main.py:volume has changed to  46
DEBUG:main.py:volume has changed to  47
DEBUG:main.py:volume has changed to  48
DEBUG:main.py:volume has changed to  49
INFO:main.py:lunching of the Application 
DEBUG:main.py:the music has been plotted successfully 
INFO:main.py:the file has been opened successfully
INFO:main.py:lunching of the Application 
DEBUG:main.py:the music has been plotted successfully 
INFO:main.py:the file has been opened successfully
INFO:main.py:lunching of the Application 
DEBUG:main.py:the music has been plotted successfully 
INFO:main.py:the file has been opened successfully
DEBUG:main.py:volume has changed to  43
DEBUG:main.py:volume has changed to  38
DEBUG:main.py:volume has changed to  32
DEBUG:main.py:volume has changed to  29
DEBUG:main.py:volume has changed to  27
DEBUG:main.py:volume has changed to  26
DEBUG:main.py:volume has changed to  24
DEBUG:main.py:volume has changed to  23
DEBUG:main.py:volume has changed to  22
DEBUG:main.py:volume has changed to  21
DEBUG:main.py:volume has changed to  20
DEBUG:main.py:volume has changed to  19
DEBUG:main.py:volume has changed to  18
DEBUG:main.py:volume has changed to  17
DEBUG:main.py:volume has changed to  16
DEBUG:main.py:volume has changed to  15
DEBUG:main.py:volume has changed to  14
DEBUG:main.py:volume has changed to  13
DEBUG:main.py:volume has changed to  14
DEBUG:main.py:volume has changed to  16
DEBUG:main.py:volume has changed to  21
DEBUG:main.py:volume has changed to  25
DEBUG:main.py:volume has changed to  29
DEBUG:main.py:volume has changed to  44
DEBUG:main.py:volume has changed to  48
DEBUG:main.py:volume has changed to  52
DEBUG:main.py:volume has changed to  56
DEBUG:main.py:volume has changed to  59
DEBUG:main.py:volume has changed to  61
DEBUG:main.py:volume has changed to  64
DEBUG:main.py:volume has changed to  65
DEBUG:main.py:volume has changed to  67
DEBUG:main.py:volume has changed to  68
DEBUG:main.py:volume has changed to  72
DEBUG:main.py:volume has changed to  74
DEBUG:main.py:volume has changed to  77
DEBUG:main.py:volume has changed to  78
DEBUG:main.py:volume has changed to  79
DEBUG:main.py:volume has changed to  81
DEBUG:main.py:volume has changed to  82
DEBUG:main.py:volume has changed to  83
DEBUG:main.py:volume has changed to  84
DEBUG:main.py:volume has changed to  85
DEBUG:main.py:volume has changed to  83
DEBUG:main.py:volume has changed to  78
DEBUG:main.py:volume has changed to  69
DEBUG:main.py:volume has changed to  65
DEBUG:main.py:volume has changed to  32
DEBUG:main.py:volume has changed to  31
DEBUG:main.py:volume has changed to  36
DEBUG:main.py:volume has changed to  44
DEBUG:main.py:volume has changed to  52
DEBUG:main.py:volume has changed to  59
DEBUG:main.py:volume has changed to  66
DEBUG:main.py:volume has changed to  85
DEBUG:main.py:volume has changed to  88
DEBUG:main.py:volume has changed to  90
DEBUG:main.py:volume has changed to  91
DEBUG:main.py:volume has changed to  92
DEBUG:main.py:volume has changed to  91
DEBUG:main.py:volume has changed to  88
DEBUG:main.py:volume has changed to  82
DEBUG:main.py:volume has changed to  58
DEBUG:main.py:volume has changed to  54
DEBUG:main.py:volume has changed to  51
DEBUG:main.py:volume has changed to  49
DEBUG:main.py:volume has changed to  47
DEBUG:main.py:volume has changed to  46
DEBUG:main.py:volume has changed to  71
DEBUG:main.py:volume has changed to  76
DEBUG:main.py:volume has changed to  79
DEBUG:main.py:volume has changed to  82
DEBUG:main.py:volume has changed to  84
DEBUG:main.py:volume has changed to  86
DEBUG:main.py:volume has changed to  87
DEBUG:main.py:volume has changed to  86
DEBUG:main.py:volume has changed to  84
DEBUG:main.py:volume has changed to  78
DEBUG:main.py:volume has changed to  72
DEBUG:main.py:volume has changed to  45
DEBUG:main.py:volume has changed to  43
DEBUG:main.py:volume has changed to  41
DEBUG:main.py:volume has changed to  40
DEBUG:main.py:volume has changed to  50
DEBUG:main.py:volume has changed to  55
DEBUG:main.py:volume has changed to  59
DEBUG:main.py:volume has changed to  62
DEBUG:main.py:volume has changed to  64
DEBUG:main.py:volume has changed to  66
DEBUG:main.py:volume has changed to  67
DEBUG:main.py:volume has changed to  68
DEBUG:main.py:volume has changed to  66
DEBUG:main.py:volume has changed to  58
DEBUG:main.py:volume has changed to  52
DEBUG:main.py:volume has changed to  47
DEBUG:main.py:volume has changed to  26
DEBUG:main.py:volume has changed to  21
DEBUG:main.py:volume has changed to  16
DEBUG:main.py:volume has changed to  12
DEBUG:main.py:volume has changed to  9
DEBUG:main.py:volume has changed to  6
DEBUG:main.py:volume has changed to  5
DEBUG:main.py:volume has changed to  3
DEBUG:main.py:volume has changed to  6
DEBUG:main.py:volume has changed to  11
DEBUG:main.py:volume has changed to  14
DEBUG:main.py:volume has changed to  17
DEBUG:main.py:volume has changed to  18
DEBUG:main.py:volume has changed to  19
DEBUG:main.py:volume has changed to  21
DEBUG:main.py:volume has changed to  22
DEBUG:main.py:volume has changed to  23
DEBUG:main.py:volume has changed to  24
DEBUG:main.py:volume has changed to  45
DEBUG:main.py:volume has changed to  47
DEBUG:main.py:volume has changed to  49
DEBUG:main.py:volume has changed to  53
DEBUG:main.py:volume has changed to  54
INFO:main.py:lunching of the Application 
DEBUG:main.py:the music has been plotted successfully 
INFO:main.py:the file has been opened successfully
INFO:main.py:lunching of the Application 
DEBUG:main.py:the music has been plotted successfully 
INFO:main.py:the file has been opened successfully
INFO:main.py:lunching of the Application 
DEBUG:main.py:the music has been plotted successfully 
INFO:main.py:the file has been opened successfully
INFO:main.py:lunching of the Application 
INFO:main.py:lunching of the Application 
DEBUG:main.py:the music has been plotted successfully 
INFO:main.py:lunching of the Application 
DEBUG:main.py:the music has been plotted successfully 
INFO:main.py:lunching of the Application 
DEBUG:main.py:the music has been plotted successfully 
INFO:main.py:lunching of the Application 
DEBUG:main.py:the music has been plotted successfully 
INFO:main.py:lunching of the Application 
DEBUG:main.py:the music has been plotted successfully 
INFO:main.py:lunching of the Application 
INFO:main.py:lunching of the Application 
INFO:main.py:lunching of the Application 
INFO:main.py:lunching of the Application 
INFO:main.py:lunching of the Application 
INFO:main.py:lunching of the Application 
DEBUG:main.py:the music has been plotted successfully 
INFO:main.py:the file has been opened successfully
INFO:main.py:lunching of the Application 
DEBUG:main.py:the music has been plotted successfully 
INFO:main.py:the file has been opened successfully
INFO:main.py:lunching of the Application 
DEBUG:main.py:the music has been plotted successfully 
INFO:main.py:the file has been opened successfully
INFO:main.py:lunching of the Application 
DEBUG:main.py:the music has been plotted successfully 
INFO:main.py:the file has been opened successfully
INFO:main.py:lunching of the Application 
DEBUG:main.py:the music has been plotted successfully 
INFO:main.py:lunching of the Application 
DEBUG:main.py:the music has been plotted successfully 
INFO:main.py:the file has been opened successfully
INFO:main.py:lunching of the Application 
DEBUG:main.py:the music has been plotted successfully 
INFO:main.py:the file has been opened successfully
INFO:main.py:lunching of the Application 
DEBUG:main.py:the music has been plotted successfully 
INFO:main.py:the file has been opened successfully
INFO:main.py:lunching of the Application 
DEBUG:main.py:the music has been plotted successfully 
INFO:main.py:the file has been opened successfully
INFO:main.py:lunching of the Application 
DEBUG:main.py:the music has been plotted successfully 
INFO:main.py:the file has been opened successfully
INFO:main.py:lunching of the Application 
DEBUG:main.py:the music has been plotted successfully 
INFO:main.py:the file has been opened successfully
INFO:main.py:lunching of the Application 
DEBUG:main.py:the music has been plotted successfully 
INFO:main.py:the file has been opened successfully
INFO:main.py:lunching of the Application 
DEBUG:main.py:the music has been plotted successfully 
INFO:main.py:the file has been opened successfully
INFO:main.py:lunching of the Application 
DEBUG:main.py:the music has been plotted successfully 
INFO:main.py:the file has been opened successfully
INFO:main.py:lunching of the Application 
DEBUG:main.py:the music has been plotted successfully 
INFO:main.py:the file has been opened successfully
INFO:main.py:lunching of the Application 
DEBUG:main.py:the music has been plotted successfully 
INFO:main.py:the file has been opened successfully
INFO:main.py:lunching of the Application 
DEBUG:main.py:the music has been plotted successfully 
INFO:main.py:lunching of the Application 
DEBUG:main.py:the music has been plotted successfully 
INFO:main.py:lunching of the Application 
DEBUG:main.py:the music has been plotted successfully 
INFO:main.py:the file has been opened successfully
INFO:main.py:lunching of the Application 
DEBUG:main.py:the music has been plotted successfully 
INFO:main.py:the file has been opened successfully
INFO:main.py:lunching of the Application 
DEBUG:main.py:the music has been plotted successfully 
INFO:main.py:the file has been opened successfully
INFO:main.py:lunching of the Application 
DEBUG:main.py:the music has been plotted successfully 
INFO:main.py:the file has been opened successfully
INFO:main.py:lunching of the Application 
DEBUG:main.py:the music has been plotted successfully 
INFO:main.py:the file has been opened successfully
INFO:main.py:lunching of the Application 
DEBUG:main.py:the music has been plotted successfully 
INFO:main.py:the file has been opened successfully
INFO:main.py:lunching of the Application 
DEBUG:main.py:the music has been plotted successfully 
INFO:main.py:the file has been opened successfully
INFO:main.py:lunching of the Application 
DEBUG:main.py:the music has been plotted successfully 
INFO:main.py:the file has been opened successfully
INFO:main.py:lunching of the Application 
DEBUG:main.py:the music has been plotted successfully 
INFO:main.py:the file has been opened successfully
INFO:main.py:lunching of the Application 
DEBUG:main.py:the music has been plotted successfully 
INFO:main.py:the file has been opened successfully
INFO:main.py:lunching of the Application 
DEBUG:main.py:the music has been plotted successfully 
INFO:main.py:the file has been opened successfully
INFO:main.py:lunching of the Application 
DEBUG:main.py:the music has been plotted successfully 
INFO:main.py:the file has been opened successfully
DEBUG:main.py:volume has changed to  82
DEBUG:main.py:volume has changed to  87
DEBUG:main.py:volume has changed to  100
INFO:main.py:lunching of the Application 
DEBUG:main.py:the music has been plotted successfully 
INFO:main.py:the file has been opened successfully
INFO:main.py:lunching of the Application 
DEBUG:main.py:the music has been plotted successfully 
INFO:main.py:the file has been opened successfully
INFO:main.py:lunching of the Application 
DEBUG:main.py:the music has been plotted successfully 
INFO:main.py:the file has been opened successfully
DEBUG:main.py:volume has changed to  66
DEBUG:main.py:volume has changed to  69
INFO:main.py:lunching of the Application 
DEBUG:main.py:the music has been plotted successfully 
INFO:main.py:the file has been opened successfully
INFO:main.py:lunching of the Application 
DEBUG:main.py:the music has been plotted successfully 
INFO:main.py:the file has been opened successfully
DEBUG:main.py:volume has changed to  60
DEBUG:main.py:volume has changed to  61
DEBUG:main.py:volume has changed to  63
DEBUG:main.py:volume has changed to  66
DEBUG:main.py:volume has changed to  90
DEBUG:main.py:volume has changed to  92
DEBUG:main.py:volume has changed to  93
DEBUG:main.py:volume has changed to  67
DEBUG:main.py:volume has changed to  61
DEBUG:main.py:volume has changed to  60
DEBUG:main.py:volume has changed to  70
DEBUG:main.py:volume has changed to  61
DEBUG:main.py:volume has changed to  82
DEBUG:main.py:volume has changed to  83
DEBUG:main.py:volume has changed to  91
INFO:main.py:lunching of the Application 
INFO:main.py:lunching of the Application 
DEBUG:main.py:the music has been plotted successfully 
INFO:main.py:the file has been opened successfully
DEBUG:main.py:volume has changed to  60
DEBUG:main.py:volume has changed to  70
DEBUG:main.py:volume has changed to  80
DEBUG:main.py:volume has changed to  81
DEBUG:main.py:volume has changed to  90
DEBUG:main.py:volume has changed to  91
DEBUG:main.py:volume has changed to  92
DEBUG:main.py:volume has changed to  93
DEBUG:main.py:volume has changed to  94
DEBUG:main.py:volume has changed to  97
DEBUG:main.py:volume has changed to  98
DEBUG:main.py:volume has changed to  99
DEBUG:main.py:volume has changed to  100
DEBUG:main.py:volume has changed to  62
DEBUG:main.py:volume has changed to  24
DEBUG:main.py:volume has changed to  10
DEBUG:main.py:volume has changed to  8
DEBUG:main.py:volume has changed to  7
DEBUG:main.py:volume has changed to  6
DEBUG:main.py:volume has changed to  4
DEBUG:main.py:volume has changed to  3
DEBUG:main.py:volume has changed to  2
DEBUG:main.py:volume has changed to  1
DEBUG:main.py:volume has changed to  0
DEBUG:main.py:volume has changed to  1
DEBUG:main.py:volume has changed to  2
DEBUG:main.py:volume has changed to  3
DEBUG:main.py:volume has changed to  4
DEBUG:main.py:volume has changed to  5
DEBUG:main.py:volume has changed to  6
DEBUG:main.py:volume has changed to  7
DEBUG:main.py:volume has changed to  8
DEBUG:main.py:volume has changed to  10
DEBUG:main.py:volume has changed to  11
DEBUG:main.py:volume has changed to  12
DEBUG:main.py:volume has changed to  13
DEBUG:main.py:volume has changed to  14
DEBUG:main.py:volume has changed to  17
DEBUG:main.py:volume has changed to  18
DEBUG:main.py:volume has changed to  21
DEBUG:main.py:volume has changed to  25
DEBUG:main.py:volume has changed to  32
DEBUG:main.py:volume has changed to  38
DEBUG:main.py:volume has changed to  42
DEBUG:main.py:volume has changed to  46
DEBUG:main.py:volume has changed to  47
DEBUG:main.py:volume has changed to  51
DEBUG:main.py:volume has changed to  53
DEBUG:main.py:volume has changed to  63
DEBUG:main.py:volume has changed to  67
DEBUG:main.py:volume has changed to  68
DEBUG:main.py:volume has changed to  70
DEBUG:main.py:volume has changed to  100
DEBUG:main.py:volume has changed to  99
DEBUG:main.py:volume has changed to  82
DEBUG:main.py:volume has changed to  71
DEBUG:main.py:volume has changed to  70
DEBUG:main.py:volume has changed to  65
DEBUG:main.py:volume has changed to  62
DEBUG:main.py:volume has changed to  61
DEBUG:main.py:volume has changed to  60
DEBUG:main.py:volume has changed to  59
DEBUG:main.py:volume has changed to  58
DEBUG:main.py:volume has changed to  57
DEBUG:main.py:volume has changed to  56
INFO:main.py:lunching of the Application 
DEBUG:main.py:the music has been plotted successfully 
INFO:main.py:the file has been opened successfully
INFO:main.py:lunching of the Application 
DEBUG:main.py:the music has been plotted successfully 
INFO:main.py:the file has been opened successfully
INFO:main.py:lunching of the Application 
DEBUG:main.py:the music has been plotted successfully 
INFO:main.py:the file has been opened successfully
INFO:main.py:lunching of the Application 
DEBUG:main.py:the music has been plotted successfully 
INFO:main.py:the file has been opened successfully
INFO:main.py:lunching of the Application 
DEBUG:main.py:the music has been plotted successfully 
INFO:main.py:the file has been opened successfully
INFO:main.py:lunching of the Application 
DEBUG:main.py:the music has been plotted successfully 
INFO:main.py:the file has been opened successfully
INFO:main.py:lunching of the Application 
DEBUG:main.py:the music has been plotted successfully 
INFO:main.py:the file has been opened successfully
INFO:main.py:lunching of the Application 
DEBUG:main.py:the music has been plotted successfully 
INFO:main.py:the file has been opened successfully
INFO:main.py:lunching of the Application 
DEBUG:main.py:the music has been plotted successfully 
INFO:main.py:the file has been opened successfully
INFO:main.py:lunching of the Application 
DEBUG:main.py:the music has been plotted successfully 
INFO:main.py:the file has been opened successfully
INFO:main.py:lunching of the Application 
DEBUG:main.py:the music has been plotted successfully 
INFO:main.py:the file has been opened successfully
INFO:main.py:lunching of the Application 
DEBUG:main.py:the music has been plotted successfully 
INFO:main.py:the file has been opened successfully
INFO:main.py:lunching of the Application 
DEBUG:main.py:the music has been plotted successfully 
INFO:main.py:the file has been opened successfully
INFO:main.py:lunching of the Application 
WARNING:main.py:please choose file before pressing play!! \U0001f611
DEBUG:main.py:the music has been plotted successfully 
INFO:main.py:the file has been opened successfully
INFO:main.py:lunching of the Application 
DEBUG:main.py:the music has been plotted successfully 
INFO:main.py:the file has been opened successfully
INFO:main.py:lunching of the Application 
DEBUG:main.py:the music has been plotted successfully 
INFO:main.py:the file has been opened successfully
INFO:main.py:lunching of the Application 
DEBUG:main.py:the music has been plotted successfully 
INFO:main.py:the file has been opened successfully
INFO:main.py:lunching of the Application 
DEBUG:main.py:the music has been plotted successfully 
INFO:main.py:the file has been opened successfully
INFO:main.py:lunching of the Application 
DEBUG:main.py:the music has been plotted successfully 
INFO:main.py:the file has been opened successfully
INFO:main.py:lunching of the Application 
INFO:main.py:lunching of the Application 
DEBUG:main.py:the music has been plotted successfully 
INFO:main.py:the file has been opened successfully
INFO:main.py:lunching of the Application 
DEBUG:main.py:the music has been plotted successfully 
INFO:main.py:the file has been opened successfully
INFO:main.py:lunching of the Application 
DEBUG:main.py:the music has been plotted successfully 
INFO:main.py:the file has been opened successfully
INFO:main.py:lunching of the Application 
DEBUG:main.py:the music has been plotted successfully 
INFO:main.py:the file has been opened successfully
INFO:main.py:lunching of the Application 
DEBUG:main.py:the music has been plotted successfully 
INFO:main.py:the file has been opened successfully
INFO:main.py:lunching of the Application 
DEBUG:main.py:the music has been plotted successfully 
INFO:main.py:the file has been opened successfully
INFO:main.py:lunching of the Application 
DEBUG:main.py:the music has been plotted successfully 
INFO:main.py:the file has been opened successfully
INFO:main.py:lunching of the Application 
INFO:main.py:lunching of the Application 
DEBUG:main.py:the music has been plotted successfully 
INFO:main.py:the file has been opened successfully
INFO:main.py:lunching of the Application 
DEBUG:main.py:the music has been plotted successfully 
INFO:main.py:the file has been opened successfully
INFO:main.py:lunching of the Application 
DEBUG:main.py:the music has been plotted successfully 
INFO:main.py:the file has been opened successfully
INFO:main.py:lunching of the Application 
DEBUG:main.py:the music has been plotted successfully 
INFO:main.py:the file has been opened successfully
INFO:main.py:lunching of the Application 
DEBUG:main.py:the music has been plotted successfully 
INFO:main.py:the file has been opened successfully
INFO:main.py:lunching of the Application 
DEBUG:main.py:the music has been plotted successfully 
INFO:main.py:the file has been opened successfully
INFO:main.py:lunching of the Application 
DEBUG:main.py:the music has been plotted successfully 
INFO:main.py:the file has been opened successfully
DEBUG:main.py:the music has been plotted successfully 
INFO:main.py:the file has been opened successfully
INFO:main.py:lunching of the Application 
DEBUG:main.py:the music has been plotted successfully 
INFO:main.py:the file has been opened successfully
INFO:main.py:lunching of the Application 
DEBUG:main.py:the music has been plotted successfully 
INFO:main.py:the file has been opened successfully
INFO:main.py:lunching of the Application 
DEBUG:main.py:the music has been plotted successfully 
INFO:main.py:the file has been opened successfully
INFO:main.py:lunching of the Application 
DEBUG:main.py:the music has been plotted successfully 
INFO:main.py:the file has been opened successfully
INFO:main.py:lunching of the Application 
DEBUG:main.py:the music has been plotted successfully 
INFO:main.py:the file has been opened successfully
INFO:main.py:lunching of the Application 
DEBUG:main.py:the music has been plotted successfully 
INFO:main.py:the file has been opened successfully
INFO:main.py:lunching of the Application 
DEBUG:main.py:the music has been plotted successfully 
INFO:main.py:the file has been opened successfully
INFO:main.py:lunching of the Application 
DEBUG:main.py:the music has been plotted successfully 
INFO:main.py:the file has been opened successfully
INFO:main.py:lunching of the Application 
DEBUG:main.py:the music has been plotted successfully 
INFO:main.py:the file has been opened successfully
INFO:main.py:lunching of the Application 
DEBUG:main.py:the music has been plotted successfully 
INFO:main.py:the file has been opened successfully
INFO:main.py:lunching of the Application 
DEBUG:main.py:the music has been plotted successfully 
INFO:main.py:the file has been opened successfully
INFO:main.py:lunching of the Application 
INFO:main.py:lunching of the Application 
DEBUG:main.py:the music has been plotted successfully 
INFO:main.py:the file has been opened successfully
INFO:main.py:lunching of the Application 
INFO:main.py:lunching of the Application 
DEBUG:main.py:the music has been plotted successfully 
INFO:main.py:the file has been opened successfully
INFO:main.py:lunching of the Application 
DEBUG:main.py:the music has been plotted successfully 
INFO:main.py:the file has been opened successfully
INFO:main.py:lunching of the Application 
DEBUG:main.py:the music has been plotted successfully 
INFO:main.py:the file has been opened successfully
INFO:main.py:lunching of the Application 
DEBUG:main.py:the music has been plotted successfully 
INFO:main.py:the file has been opened successfully
INFO:main.py:lunching of the Application 
DEBUG:main.py:the music has been plotted successfully 
INFO:main.py:the file has been opened successfully
INFO:main.py:lunching of the Application 
DEBUG:main.py:the music has been plotted successfully 
INFO:main.py:the file has been opened successfully
INFO:main.py:lunching of the Application 
DEBUG:main.py:the music has been plotted successfully 
INFO:main.py:the file has been opened successfully
INFO:main.py:lunching of the Application 
DEBUG:main.py:the music has been plotted successfully 
INFO:main.py:the file has been opened successfully
INFO:main.py:lunching of the Application 
DEBUG:main.py:the music has been plotted successfully 
INFO:main.py:the file has been opened successfully
INFO:main.py:lunching of the Application 
INFO:main.py:lunching of the Application 
DEBUG:main.py:the music has been plotted successfully 
INFO:main.py:the file has been opened successfully
INFO:main.py:lunching of the Application 
DEBUG:main.py:the music has been plotted successfully 
INFO:main.py:the file has been opened successfully
INFO:main.py:lunching of the Application 
INFO:main.py:lunching of the Application 
DEBUG:main.py:the music has been plotted successfully 
INFO:main.py:the file has been opened successfully
INFO:main.py:lunching of the Application 
DEBUG:main.py:the music has been plotted successfully 
INFO:main.py:the file has been opened successfully
INFO:main.py:lunching of the Application 
DEBUG:main.py:the music has been plotted successfully 
INFO:main.py:the file has been opened successfully
INFO:main.py:lunching of the Application 
DEBUG:main.py:the music has been plotted successfully 
INFO:main.py:the file has been opened successfully
INFO:main.py:lunching of the Application 
DEBUG:main.py:the music has been plotted successfully 
INFO:main.py:the file has been opened successfully
INFO:main.py:lunching of the Application 
DEBUG:main.py:the music has been plotted successfully 
INFO:main.py:the file has been opened successfully
INFO:main.py:lunching of the Application 
INFO:main.py:lunching of the Application 
DEBUG:main.py:the music has been plotted successfully 
INFO:main.py:the file has been opened successfully
INFO:main.py:lunching of the Application 
DEBUG:main.py:the music has been plotted successfully 
INFO:main.py:the file has been opened successfully
INFO:main.py:lunching of the Application 
INFO:main.py:lunching of the Application 
DEBUG:main.py:the music has been plotted successfully 
INFO:main.py:the file has been opened successfully
INFO:main.py:lunching of the Application 
INFO:main.py:lunching of the Application 
DEBUG:main.py:the music has been plotted successfully 
INFO:main.py:the file has been opened successfully
INFO:main.py:lunching of the Application 
DEBUG:main.py:the music has been plotted successfully 
INFO:main.py:the file has been opened successfully
INFO:main.py:lunching of the Application 
DEBUG:main.py:the music has been plotted successfully 
INFO:main.py:the file has been opened successfully
INFO:main.py:lunching of the Application 
DEBUG:main.py:the music has been plotted successfully 
INFO:main.py:the file has been opened successfully
INFO:main.py:lunching of the Application 
DEBUG:main.py:the music has been plotted successfully 
INFO:main.py:the file has been opened successfully
INFO:main.py:lunching of the Application 
DEBUG:main.py:the music has been plotted successfully 
INFO:main.py:the file has been opened successfully
DEBUG:main.py:volume has changed to  26
DEBUG:main.py:volume has changed to  25
DEBUG:main.py:volume has changed to  24
DEBUG:main.py:volume has changed to  23
DEBUG:main.py:volume has changed to  33
DEBUG:main.py:volume has changed to  36
DEBUG:main.py:volume has changed to  42
DEBUG:main.py:volume has changed to  44
DEBUG:main.py:volume has changed to  45
DEBUG:main.py:volume has changed to  47
DEBUG:main.py:volume has changed to  49
DEBUG:main.py:volume has changed to  52
DEBUG:main.py:volume has changed to  53
DEBUG:main.py:volume has changed to  55
DEBUG:main.py:volume has changed to  57
DEBUG:main.py:volume has changed to  58
INFO:main.py:lunching of the Application 
DEBUG:main.py:the music has been plotted successfully 
INFO:main.py:the file has been opened successfully
INFO:main.py:lunching of the Application 
INFO:main.py:lunching of the Application 
INFO:main.py:lunching of the Application 
INFO:main.py:lunching of the Application 
INFO:main.py:lunching of the Application 
DEBUG:main.py:the music has been plotted successfully 
INFO:main.py:the file has been opened successfully
INFO:main.py:lunching of the Application 
DEBUG:main.py:the music has been plotted successfully 
INFO:main.py:the file has been opened successfully
INFO:main.py:lunching of the Application 
DEBUG:main.py:the music has been plotted successfully 
INFO:main.py:the file has been opened successfully
INFO:main.py:lunching of the Application 
DEBUG:main.py:the music has been plotted successfully 
INFO:main.py:the file has been opened successfully
DEBUG:main.py:the music has been plotted successfully 
INFO:main.py:lunching of the Application 
DEBUG:main.py:the music has been plotted successfully 
INFO:main.py:the file has been opened successfully
INFO:main.py:lunching of the Application 
DEBUG:main.py:the music has been plotted successfully 
INFO:main.py:the file has been opened successfully
INFO:main.py:lunching of the Application 
DEBUG:main.py:the music has been plotted successfully 
INFO:main.py:the file has been opened successfully
INFO:main.py:lunching of the Application 
INFO:main.py:lunching of the Application 
DEBUG:main.py:the music has been plotted successfully 
INFO:main.py:the file has been opened successfully
DEBUG:main.py:volume has changed to  51
DEBUG:main.py:volume has changed to  52
DEBUG:main.py:volume has changed to  59
DEBUG:main.py:volume has changed to  60
DEBUG:main.py:volume has changed to  61
DEBUG:main.py:volume has changed to  62
DEBUG:main.py:volume has changed to  63
DEBUG:main.py:volume has changed to  64
DEBUG:main.py:volume has changed to  69
DEBUG:main.py:volume has changed to  70
DEBUG:main.py:volume has changed to  71
DEBUG:main.py:volume has changed to  72
DEBUG:main.py:volume has changed to  73
DEBUG:main.py:volume has changed to  74
DEBUG:main.py:volume has changed to  75
DEBUG:main.py:volume has changed to  76
DEBUG:main.py:volume has changed to  78
DEBUG:main.py:volume has changed to  79
DEBUG:main.py:volume has changed to  82
DEBUG:main.py:volume has changed to  81
DEBUG:main.py:volume has changed to  80
DEBUG:main.py:volume has changed to  79
DEBUG:main.py:volume has changed to  78
DEBUG:main.py:volume has changed to  77
DEBUG:main.py:volume has changed to  76
DEBUG:main.py:volume has changed to  75
DEBUG:main.py:volume has changed to  74
DEBUG:main.py:volume has changed to  72
DEBUG:main.py:volume has changed to  71
DEBUG:main.py:volume has changed to  70
DEBUG:main.py:volume has changed to  69
DEBUG:main.py:volume has changed to  68
DEBUG:main.py:volume has changed to  67
DEBUG:main.py:volume has changed to  66
DEBUG:main.py:volume has changed to  65
DEBUG:main.py:volume has changed to  64
DEBUG:main.py:volume has changed to  63
DEBUG:main.py:volume has changed to  62
DEBUG:main.py:volume has changed to  61
DEBUG:main.py:volume has changed to  60
DEBUG:main.py:volume has changed to  59
DEBUG:main.py:volume has changed to  58
DEBUG:main.py:volume has changed to  57
DEBUG:main.py:volume has changed to  56
DEBUG:main.py:volume has changed to  55
DEBUG:main.py:volume has changed to  54
DEBUG:main.py:volume has changed to  53
DEBUG:main.py:volume has changed to  51
DEBUG:main.py:volume has changed to  50
DEBUG:main.py:volume has changed to  49
DEBUG:main.py:volume has changed to  48
DEBUG:main.py:volume has changed to  47
DEBUG:main.py:volume has changed to  46
DEBUG:main.py:volume has changed to  45
DEBUG:main.py:volume has changed to  44
DEBUG:main.py:volume has changed to  43
DEBUG:main.py:volume has changed to  42
DEBUG:main.py:volume has changed to  41
DEBUG:main.py:volume has changed to  40
DEBUG:main.py:volume has changed to  39
DEBUG:main.py:volume has changed to  38
DEBUG:main.py:volume has changed to  37
DEBUG:main.py:volume has changed to  36
DEBUG:main.py:volume has changed to  35
DEBUG:main.py:volume has changed to  34
DEBUG:main.py:volume has changed to  33
DEBUG:main.py:volume has changed to  32
DEBUG:main.py:volume has changed to  31
DEBUG:main.py:volume has changed to  30
DEBUG:main.py:volume has changed to  29
DEBUG:main.py:volume has changed to  28
DEBUG:main.py:volume has changed to  27
DEBUG:main.py:volume has changed to  26
DEBUG:main.py:volume has changed to  24
DEBUG:main.py:volume has changed to  23
DEBUG:main.py:volume has changed to  22
DEBUG:main.py:volume has changed to  21
DEBUG:main.py:volume has changed to  20
DEBUG:main.py:volume has changed to  19
DEBUG:main.py:volume has changed to  18
DEBUG:main.py:volume has changed to  17
DEBUG:main.py:volume has changed to  16
DEBUG:main.py:volume has changed to  15
DEBUG:main.py:volume has changed to  14
DEBUG:main.py:volume has changed to  13
DEBUG:main.py:volume has changed to  9
DEBUG:main.py:volume has changed to  8
DEBUG:main.py:volume has changed to  7
DEBUG:main.py:volume has changed to  6
DEBUG:main.py:volume has changed to  5
DEBUG:main.py:volume has changed to  4
DEBUG:main.py:volume has changed to  3
DEBUG:main.py:volume has changed to  2
DEBUG:main.py:volume has changed to  1
DEBUG:main.py:volume has changed to  0
DEBUG:main.py:volume has changed to  1
DEBUG:main.py:volume has changed to  2
DEBUG:main.py:volume has changed to  3
DEBUG:main.py:volume has changed to  4
DEBUG:main.py:volume has changed to  5
DEBUG:main.py:volume has changed to  6
DEBUG:main.py:volume has changed to  7
DEBUG:main.py:volume has changed to  8
DEBUG:main.py:volume has changed to  16
DEBUG:main.py:volume has changed to  17
DEBUG:main.py:volume has changed to  18
DEBUG:main.py:volume has changed to  34
DEBUG:main.py:volume has changed to  35
DEBUG:main.py:volume has changed to  36
DEBUG:main.py:volume has changed to  37
DEBUG:main.py:volume has changed to  45
DEBUG:main.py:volume has changed to  46
DEBUG:main.py:volume has changed to  47
DEBUG:main.py:volume has changed to  48
DEBUG:main.py:volume has changed to  49
DEBUG:main.py:volume has changed to  50
DEBUG:main.py:volume has changed to  51
DEBUG:main.py:volume has changed to  52
DEBUG:main.py:volume has changed to  53
DEBUG:main.py:volume has changed to  54
DEBUG:main.py:volume has changed to  55
DEBUG:main.py:volume has changed to  56
DEBUG:main.py:volume has changed to  57
DEBUG:main.py:volume has changed to  78
DEBUG:main.py:volume has changed to  79
DEBUG:main.py:volume has changed to  84
DEBUG:main.py:volume has changed to  85
DEBUG:main.py:volume has changed to  86
DEBUG:main.py:volume has changed to  87
DEBUG:main.py:volume has changed to  90
DEBUG:main.py:volume has changed to  91
DEBUG:main.py:volume has changed to  92
DEBUG:main.py:volume has changed to  93
DEBUG:main.py:volume has changed to  94
DEBUG:main.py:volume has changed to  97
DEBUG:main.py:volume has changed to  98
DEBUG:main.py:volume has changed to  100
DEBUG:main.py:volume has changed to  98
DEBUG:main.py:volume has changed to  97
DEBUG:main.py:volume has changed to  96
DEBUG:main.py:volume has changed to  95
DEBUG:main.py:volume has changed to  94
DEBUG:main.py:volume has changed to  93
DEBUG:main.py:volume has changed to  92
DEBUG:main.py:volume has changed to  91
DEBUG:main.py:volume has changed to  90
DEBUG:main.py:volume has changed to  89
DEBUG:main.py:volume has changed to  88
DEBUG:main.py:volume has changed to  84
DEBUG:main.py:volume has changed to  83
DEBUG:main.py:volume has changed to  82
DEBUG:main.py:volume has changed to  81
DEBUG:main.py:volume has changed to  80
DEBUG:main.py:volume has changed to  79
DEBUG:main.py:volume has changed to  75
DEBUG:main.py:volume has changed to  74
DEBUG:main.py:volume has changed to  73
DEBUG:main.py:volume has changed to  72
DEBUG:main.py:volume has changed to  71
DEBUG:main.py:volume has changed to  70
DEBUG:main.py:volume has changed to  69
DEBUG:main.py:volume has changed to  68
DEBUG:main.py:volume has changed to  67
DEBUG:main.py:volume has changed to  65
DEBUG:main.py:volume has changed to  64
DEBUG:main.py:volume has changed to  63
DEBUG:main.py:volume has changed to  62
DEBUG:main.py:volume has changed to  61
DEBUG:main.py:volume has changed to  56
DEBUG:main.py:volume has changed to  55
DEBUG:main.py:volume has changed to  49
DEBUG:main.py:volume has changed to  48
DEBUG:main.py:volume has changed to  47
DEBUG:main.py:volume has changed to  46
DEBUG:main.py:volume has changed to  45
DEBUG:main.py:volume has changed to  42
DEBUG:main.py:volume has changed to  41
DEBUG:main.py:volume has changed to  40
DEBUG:main.py:volume has changed to  37
DEBUG:main.py:volume has changed to  36
DEBUG:main.py:volume has changed to  35
DEBUG:main.py:volume has changed to  34
DEBUG:main.py:volume has changed to  31
DEBUG:main.py:volume has changed to  30
DEBUG:main.py:volume has changed to  28
DEBUG:main.py:volume has changed to  27
DEBUG:main.py:volume has changed to  25
DEBUG:main.py:volume has changed to  24
DEBUG:main.py:volume has changed to  21
DEBUG:main.py:volume has changed to  20
DEBUG:main.py:volume has changed to  16
DEBUG:main.py:volume has changed to  15
DEBUG:main.py:volume has changed to  14
DEBUG:main.py:volume has changed to  12
DEBUG:main.py:volume has changed to  11
DEBUG:main.py:volume has changed to  10
DEBUG:main.py:volume has changed to  9
DEBUG:main.py:volume has changed to  8
DEBUG:main.py:volume has changed to  7
DEBUG:main.py:volume has changed to  6
DEBUG:main.py:volume has changed to  5
DEBUG:main.py:volume has changed to  4
DEBUG:main.py:volume has changed to  3
DEBUG:main.py:volume has changed to  2
DEBUG:main.py:volume has changed to  1
DEBUG:main.py:volume has changed to  2
DEBUG:main.py:volume has changed to  3
DEBUG:main.py:volume has changed to  4
DEBUG:main.py:volume has changed to  5
DEBUG:main.py:volume has changed to  6
DEBUG:main.py:volume has changed to  8
DEBUG:main.py:volume has changed to  9
DEBUG:main.py:volume has changed to  10
DEBUG:main.py:volume has changed to  11
DEBUG:main.py:volume has changed to  12
DEBUG:main.py:volume has changed to  13
DEBUG:main.py:volume has changed to  16
DEBUG:main.py:volume has changed to  17
DEBUG:main.py:volume has changed to  18
DEBUG:main.py:volume has changed to  19
DEBUG:main.py:volume has changed to  21
DEBUG:main.py:volume has changed to  22
DEBUG:main.py:volume has changed to  23
DEBUG:main.py:volume has changed to  24
DEBUG:main.py:volume has changed to  26
DEBUG:main.py:volume has changed to  27
DEBUG:main.py:volume has changed to  28
DEBUG:main.py:volume has changed to  31
DEBUG:main.py:volume has changed to  32
DEBUG:main.py:volume has changed to  33
DEBUG:main.py:volume has changed to  34
DEBUG:main.py:volume has changed to  35
DEBUG:main.py:volume has changed to  36
DEBUG:main.py:volume has changed to  40
DEBUG:main.py:volume has changed to  41
DEBUG:main.py:volume has changed to  42
DEBUG:main.py:volume has changed to  43
DEBUG:main.py:volume has changed to  44
DEBUG:main.py:volume has changed to  45
DEBUG:main.py:volume has changed to  46
DEBUG:main.py:volume has changed to  49
DEBUG:main.py:volume has changed to  50
DEBUG:main.py:volume has changed to  51
DEBUG:main.py:volume has changed to  52
DEBUG:main.py:volume has changed to  53
DEBUG:main.py:volume has changed to  54
DEBUG:main.py:volume has changed to  56
DEBUG:main.py:volume has changed to  57
DEBUG:main.py:volume has changed to  58
DEBUG:main.py:volume has changed to  59
DEBUG:main.py:volume has changed to  60
DEBUG:main.py:volume has changed to  61
DEBUG:main.py:volume has changed to  62
DEBUG:main.py:volume has changed to  63
DEBUG:main.py:volume has changed to  64
DEBUG:main.py:volume has changed to  65
DEBUG:main.py:volume has changed to  69
DEBUG:main.py:volume has changed to  70
DEBUG:main.py:volume has changed to  71
DEBUG:main.py:volume has changed to  72
DEBUG:main.py:volume has changed to  73
DEBUG:main.py:volume has changed to  74
DEBUG:main.py:volume has changed to  75
DEBUG:main.py:volume has changed to  77
DEBUG:main.py:volume has changed to  78
DEBUG:main.py:volume has changed to  79
DEBUG:main.py:volume has changed to  80
DEBUG:main.py:volume has changed to  82
DEBUG:main.py:volume has changed to  83
DEBUG:main.py:volume has changed to  84
DEBUG:main.py:volume has changed to  85
DEBUG:main.py:volume has changed to  86
DEBUG:main.py:volume has changed to  87
DEBUG:main.py:volume has changed to  88
DEBUG:main.py:volume has changed to  89
DEBUG:main.py:volume has changed to  90
DEBUG:main.py:volume has changed to  91
DEBUG:main.py:volume has changed to  92
DEBUG:main.py:volume has changed to  93
DEBUG:main.py:volume has changed to  94
DEBUG:main.py:volume has changed to  95
DEBUG:main.py:volume has changed to  96
DEBUG:main.py:volume has changed to  97
DEBUG:main.py:volume has changed to  98
DEBUG:main.py:volume has changed to  99
DEBUG:main.py:volume has changed to  100
DEBUG:main.py:volume has changed to  99
DEBUG:main.py:volume has changed to  98
DEBUG:main.py:volume has changed to  97
DEBUG:main.py:volume has changed to  96
DEBUG:main.py:volume has changed to  95
DEBUG:main.py:volume has changed to  94
DEBUG:main.py:volume has changed to  93
DEBUG:main.py:volume has changed to  92
DEBUG:main.py:volume has changed to  91
DEBUG:main.py:volume has changed to  90
DEBUG:main.py:volume has changed to  89
DEBUG:main.py:volume has changed to  88
DEBUG:main.py:volume has changed to  87
DEBUG:main.py:volume has changed to  86
DEBUG:main.py:volume has changed to  85
DEBUG:main.py:volume has changed to  84
DEBUG:main.py:volume has changed to  83
DEBUG:main.py:volume has changed to  82
DEBUG:main.py:volume has changed to  81
DEBUG:main.py:volume has changed to  80
DEBUG:main.py:volume has changed to  79
DEBUG:main.py:volume has changed to  78
DEBUG:main.py:volume has changed to  77
DEBUG:main.py:volume has changed to  76
DEBUG:main.py:volume has changed to  75
DEBUG:main.py:volume has changed to  74
DEBUG:main.py:volume has changed to  73
DEBUG:main.py:volume has changed to  72
DEBUG:main.py:volume has changed to  71
DEBUG:main.py:volume has changed to  70
DEBUG:main.py:volume has changed to  69
DEBUG:main.py:volume has changed to  68
DEBUG:main.py:volume has changed to  67
DEBUG:main.py:volume has changed to  66
DEBUG:main.py:volume has changed to  65
DEBUG:main.py:volume has changed to  64
DEBUG:main.py:volume has changed to  63
DEBUG:main.py:volume has changed to  62
DEBUG:main.py:volume has changed to  61
DEBUG:main.py:volume has changed to  60
DEBUG:main.py:volume has changed to  59
DEBUG:main.py:volume has changed to  58
DEBUG:main.py:volume has changed to  57
DEBUG:main.py:volume has changed to  56
DEBUG:main.py:volume has changed to  55
DEBUG:main.py:volume has changed to  54
DEBUG:main.py:volume has changed to  53
DEBUG:main.py:volume has changed to  52
DEBUG:main.py:volume has changed to  51
INFO:main.py:lunching of the Application 
DEBUG:main.py:the music has been plotted successfully 
INFO:main.py:the file has been opened successfully
INFO:main.py:lunching of the Application 
WARNING:main.py:please choose file before pressing play!! \U0001f611
INFO:main.py:lunching of the Application 
DEBUG:main.py:the music has been plotted successfully 
INFO:main.py:the file has been opened successfully
INFO:main.py:lunching of the Application 
INFO:main.py:lunching of the Application 
INFO:main.py:lunching of the Application 
DEBUG:main.py:the music has been plotted successfully 
INFO:main.py:the file has been opened successfully
INFO:main.py:lunching of the Application 
DEBUG:main.py:the music has been plotted successfully 
INFO:main.py:the file has been opened successfully
INFO:main.py:lunching of the Application 
INFO:main.py:lunching of the Application 
INFO:main.py:lunching of the Application 
INFO:main.py:lunching of the Application 
INFO:main.py:lunching of the Application 
DEBUG:main.py:the music has been plotted successfully 
INFO:main.py:the file has been opened successfully
INFO:main.py:lunching of the Application 
DEBUG:main.py:the music has been plotted successfully 
INFO:main.py:the file has been opened successfully
INFO:main.py:lunching of the Application 
INFO:main.py:lunching of the Application 
DEBUG:main.py:the music has been plotted successfully 
INFO:main.py:the file has been opened successfully
INFO:main.py:lunching of the Application 
INFO:main.py:lunching of the Application 
INFO:main.py:lunching of the Application 
INFO:main.py:lunching of the Application 
INFO:main.py:lunching of the Application 
INFO:main.py:lunching of the Application 
INFO:main.py:lunching of the Application 
INFO:main.py:lunching of the Application 
INFO:main.py:lunching of the Application 
INFO:main.py:lunching of the Application 
INFO:main.py:lunching of the Application 
INFO:main.py:lunching of the Application 
INFO:main.py:lunching of the Application 
INFO:main.py:lunching of the Application 
INFO:main.py:lunching of the Application 
INFO:main.py:lunching of the Application 
INFO:main.py:lunching of the Application 
INFO:main.py:lunching of the Application 
INFO:main.py:lunching of the Application 
INFO:main.py:lunching of the Application 
INFO:main.py:lunching of the Application 
INFO:main.py:lunching of the Application 
INFO:main.py:lunching of the Application 
INFO:main.py:lunching of the Application 
INFO:main.py:lunching of the Application 
INFO:main.py:lunching of the Application 
INFO:main.py:lunching of the Application 
INFO:main.py:lunching of the Application 
INFO:main.py:lunching of the Application 
INFO:main.py:lunching of the Application 
INFO:main.py:lunching of the Application 
INFO:main.py:lunching of the Application 
INFO:main.py:lunching of the Application 
INFO:main.py:lunching of the Application 
<<<<<<< HEAD
INFO:main.py:lunching of the Application 
INFO:main.py:lunching of the Application 
INFO:main.py:lunching of the Application 
=======
INFO:main.py:lunching of the Application 
DEBUG:main.py:the music has been plotted successfully 
INFO:main.py:lunching of the Application 
INFO:main.py:lunching of the Application 
INFO:main.py:lunching of the Application 
INFO:main.py:lunching of the Application 
INFO:main.py:lunching of the Application 
INFO:main.py:lunching of the Application 
INFO:main.py:lunching of the Application 
INFO:main.py:lunching of the Application 
INFO:main.py:lunching of the Application 
INFO:main.py:lunching of the Application 
INFO:main.py:lunching of the Application 
INFO:main.py:lunching of the Application 
INFO:main.py:lunching of the Application 
INFO:main.py:lunching of the Application 
INFO:main.py:lunching of the Application 
INFO:main.py:lunching of the Application 
INFO:main.py:lunching of the Application 
INFO:main.py:lunching of the Application 
INFO:main.py:lunching of the Application 
INFO:main.py:lunching of the Application 
INFO:main.py:lunching of the Application 
INFO:main.py:lunching of the Application 
INFO:main.py:lunching of the Application 
INFO:main.py:lunching of the Application 
>>>>>>> ae07408c129ea4f20c11182c2e9bb52bba49959b
INFO:main.py:lunching of the Application 
INFO:main.py:lunching of the Application 
INFO:main.py:lunching of the Application 
INFO:main.py:lunching of the Application 
